Determining if the pthread_create exist failed with the following output:
Change Dir: /home/upf/code/catkin_ws/build/CMakeFiles/CMakeTmp

Run Build Command:/usr/bin/make "cmTryCompileExec2970866000/fast"
/usr/bin/make -f CMakeFiles/cmTryCompileExec2970866000.dir/build.make CMakeFiles/cmTryCompileExec2970866000.dir/build
make[1]: Entering directory `/home/upf/code/catkin_ws/build/CMakeFiles/CMakeTmp'
/usr/bin/cmake -E cmake_progress_report /home/upf/code/catkin_ws/build/CMakeFiles/CMakeTmp/CMakeFiles 1
Building C object CMakeFiles/cmTryCompileExec2970866000.dir/CheckSymbolExists.c.o
/usr/bin/cc    -o CMakeFiles/cmTryCompileExec2970866000.dir/CheckSymbolExists.c.o   -c /home/upf/code/catkin_ws/build/CMakeFiles/CMakeTmp/CheckSymbolExists.c
Linking C executable cmTryCompileExec2970866000
/usr/bin/cmake -E cmake_link_script CMakeFiles/cmTryCompileExec2970866000.dir/link.txt --verbose=1
/usr/bin/cc       CMakeFiles/cmTryCompileExec2970866000.dir/CheckSymbolExists.c.o  -o cmTryCompileExec2970866000 -rdynamic 
CMakeFiles/cmTryCompileExec2970866000.dir/CheckSymbolExists.c.o: In function `main':
CheckSymbolExists.c:(.text+0x16): undefined reference to `pthread_create'
collect2: error: ld returned 1 exit status
make[1]: Leaving directory `/home/upf/code/catkin_ws/build/CMakeFiles/CMakeTmp'
make[1]: *** [cmTryCompileExec2970866000] Error 1
make: *** [cmTryCompileExec2970866000/fast] Error 2

File /home/upf/code/catkin_ws/build/CMakeFiles/CMakeTmp/CheckSymbolExists.c:
/* */
#include <pthread.h>

int main(int argc, char** argv)
{
  (void)argv;
#ifndef pthread_create
  return ((int*)(&pthread_create))[argc];
#else
  (void)argc;
  return 0;
#endif
}

Determining if the function pthread_create exists in the pthreads failed with the following output:
Change Dir: /home/upf/code/catkin_ws/build/CMakeFiles/CMakeTmp

Run Build Command:/usr/bin/make "cmTryCompileExec3636369005/fast"
/usr/bin/make -f CMakeFiles/cmTryCompileExec3636369005.dir/build.make CMakeFiles/cmTryCompileExec3636369005.dir/build
make[1]: Entering directory `/home/upf/code/catkin_ws/build/CMakeFiles/CMakeTmp'
/usr/bin/cmake -E cmake_progress_report /home/upf/code/catkin_ws/build/CMakeFiles/CMakeTmp/CMakeFiles 1
Building C object CMakeFiles/cmTryCompileExec3636369005.dir/CheckFunctionExists.c.o
/usr/bin/cc   -DCHECK_FUNCTION_EXISTS=pthread_create   -o CMakeFiles/cmTryCompileExec3636369005.dir/CheckFunctionExists.c.o   -c /usr/share/cmake-2.8/Modules/CheckFunctionExists.c
Linking C executable cmTryCompileExec3636369005
/usr/bin/cmake -E cmake_link_script CMakeFiles/cmTryCompileExec3636369005.dir/link.txt --verbose=1
/usr/bin/cc   -DCHECK_FUNCTION_EXISTS=pthread_create    CMakeFiles/cmTryCompileExec3636369005.dir/CheckFunctionExists.c.o  -o cmTryCompileExec3636369005 -rdynamic -lpthreads 
/usr/bin/ld: cannot find -lpthreads
collect2: error: ld returned 1 exit status
make[1]: Leaving directory `/home/upf/code/catkin_ws/build/CMakeFiles/CMakeTmp'
make[1]: *** [cmTryCompileExec3636369005] Error 1
make: *** [cmTryCompileExec3636369005/fast] Error 2


Determining if the function LIBDISPATCH_RUNTIME_IN_LIBC exists failed with the following output:
Change Dir: /home/upf/code/catkin_ws/build/CMakeFiles/CMakeTmp

Run Build Command:/usr/bin/make "cmTryCompileExec641645763/fast"
/usr/bin/make -f CMakeFiles/cmTryCompileExec641645763.dir/build.make CMakeFiles/cmTryCompileExec641645763.dir/build
make[1]: Entering directory `/home/upf/code/catkin_ws/build/CMakeFiles/CMakeTmp'
/usr/bin/cmake -E cmake_progress_report /home/upf/code/catkin_ws/build/CMakeFiles/CMakeTmp/CMakeFiles 1
Building C object CMakeFiles/cmTryCompileExec641645763.dir/CheckFunctionExists.c.o
/usr/bin/cc   -DCHECK_FUNCTION_EXISTS=LIBDISPATCH_RUNTIME_IN_LIBC   -o CMakeFiles/cmTryCompileExec641645763.dir/CheckFunctionExists.c.o   -c /usr/share/cmake-2.8/Modules/CheckFunctionExists.c
Linking C executable cmTryCompileExec641645763
/usr/bin/cmake -E cmake_link_script CMakeFiles/cmTryCompileExec641645763.dir/link.txt --verbose=1
/usr/bin/cc   -DCHECK_FUNCTION_EXISTS=LIBDISPATCH_RUNTIME_IN_LIBC    CMakeFiles/cmTryCompileExec641645763.dir/CheckFunctionExists.c.o  -o cmTryCompileExec641645763 -rdynamic 
CMakeFiles/cmTryCompileExec641645763.dir/CheckFunctionExists.c.o: In function `main':
CheckFunctionExists.c:(.text+0x15): undefined reference to `LIBDISPATCH_RUNTIME_IN_LIBC'
collect2: error: ld returned 1 exit status
make[1]: Leaving directory `/home/upf/code/catkin_ws/build/CMakeFiles/CMakeTmp'
make[1]: *** [cmTryCompileExec641645763] Error 1
make: *** [cmTryCompileExec641645763/fast] Error 2


Performing C SOURCE FILE Test LIBDISPATCH_COMPILER_BLOCKS_SUPPORT_FOUND failed with the following output:
Change Dir: /home/upf/code/catkin_ws/build/CMakeFiles/CMakeTmp

Run Build Command:/usr/bin/make "cmTryCompileExec2135765231/fast"
/usr/bin/make -f CMakeFiles/cmTryCompileExec2135765231.dir/build.make CMakeFiles/cmTryCompileExec2135765231.dir/build
make[1]: Entering directory `/home/upf/code/catkin_ws/build/CMakeFiles/CMakeTmp'
/usr/bin/cmake -E cmake_progress_report /home/upf/code/catkin_ws/build/CMakeFiles/CMakeTmp/CMakeFiles 1
Building C object CMakeFiles/cmTryCompileExec2135765231.dir/src.c.o
/usr/bin/cc   -DLIBDISPATCH_COMPILER_BLOCKS_SUPPORT_FOUND   -fblocks -o CMakeFiles/cmTryCompileExec2135765231.dir/src.c.o   -c /home/upf/code/catkin_ws/build/CMakeFiles/CMakeTmp/src.c
cc: error: unrecognized command line option '-fblocks'
make[1]: Leaving directory `/home/upf/code/catkin_ws/build/CMakeFiles/CMakeTmp'
make[1]: *** [CMakeFiles/cmTryCompileExec2135765231.dir/src.c.o] Error 1
make: *** [cmTryCompileExec2135765231/fast] Error 2

Source file was:
int main(void) { return 0; }
